<?xml version="1.0" encoding="UTF-8"?>
<coverage generated="1737624567139" clover="3.2.0">
  <project timestamp="1737624567140" name="All files">
    <metrics statements="154" coveredstatements="121" conditionals="54" coveredconditionals="46" methods="32" coveredmethods="18" elements="240" coveredelements="185" complexity="0" loc="154" ncloc="154" packages="9" files="9" classes="9"/>
    <package name="components.Button">
      <metrics statements="3" coveredstatements="3" conditionals="11" coveredconditionals="11" methods="2" coveredmethods="1"/>
      <file name="index.jsx" path="C:\Users\ASUS\Documents\Bootcamp Dibimbing\Mini-Project-2\src\components\Button\index.jsx">
        <metrics statements="3" coveredstatements="3" conditionals="11" coveredconditionals="11" methods="2" coveredmethods="1"/>
        <line num="1" count="8" type="stmt"/>
        <line num="12" count="92" type="stmt"/>
        <line num="28" count="100" type="stmt"/>
      </file>
    </package>
    <package name="components.Card">
      <metrics statements="14" coveredstatements="14" conditionals="18" coveredconditionals="18" methods="2" coveredmethods="2"/>
      <file name="index.jsx" path="C:\Users\ASUS\Documents\Bootcamp Dibimbing\Mini-Project-2\src\components\Card\index.jsx">
        <metrics statements="14" coveredstatements="14" conditionals="18" coveredconditionals="18" methods="2" coveredmethods="2"/>
        <line num="1" count="2" type="stmt"/>
        <line num="2" count="2" type="stmt"/>
        <line num="3" count="2" type="stmt"/>
        <line num="4" count="2" type="stmt"/>
        <line num="5" count="2" type="stmt"/>
        <line num="6" count="2" type="stmt"/>
        <line num="7" count="2" type="stmt"/>
        <line num="8" count="2" type="stmt"/>
        <line num="9" count="2" type="stmt"/>
        <line num="10" count="2" type="stmt"/>
        <line num="12" count="10" type="stmt"/>
        <line num="13" count="11" type="stmt"/>
        <line num="15" count="10" type="stmt"/>
        <line num="71" count="40" type="stmt"/>
      </file>
    </package>
    <package name="components.Footer">
      <metrics statements="2" coveredstatements="2" conditionals="0" coveredconditionals="0" methods="1" coveredmethods="1"/>
      <file name="index.jsx" path="C:\Users\ASUS\Documents\Bootcamp Dibimbing\Mini-Project-2\src\components\Footer\index.jsx">
        <metrics statements="2" coveredstatements="2" conditionals="0" coveredconditionals="0" methods="1" coveredmethods="1"/>
        <line num="1" count="2" type="stmt"/>
        <line num="15" count="9" type="stmt"/>
      </file>
    </package>
    <package name="components.Navbar">
      <metrics statements="17" coveredstatements="14" conditionals="5" coveredconditionals="5" methods="4" coveredmethods="2"/>
      <file name="index.jsx" path="C:\Users\ASUS\Documents\Bootcamp Dibimbing\Mini-Project-2\src\components\Navbar\index.jsx">
        <metrics statements="17" coveredstatements="14" conditionals="5" coveredconditionals="5" methods="4" coveredmethods="2"/>
        <line num="1" count="6" type="stmt"/>
        <line num="2" count="6" type="stmt"/>
        <line num="3" count="6" type="stmt"/>
        <line num="4" count="6" type="stmt"/>
        <line num="5" count="6" type="stmt"/>
        <line num="7" count="6" type="stmt"/>
        <line num="8" count="45" type="stmt"/>
        <line num="9" count="45" type="stmt"/>
        <line num="11" count="45" type="stmt"/>
        <line num="12" count="28" type="stmt"/>
        <line num="13" count="0" type="stmt"/>
        <line num="14" count="0" type="stmt"/>
        <line num="15" count="0" type="stmt"/>
        <line num="19" count="28" type="stmt"/>
        <line num="20" count="28" type="stmt"/>
        <line num="21" count="1" type="stmt"/>
        <line num="97" count="35" type="stmt"/>
      </file>
    </package>
    <package name="pages.Detail Page">
      <metrics statements="24" coveredstatements="24" conditionals="0" coveredconditionals="0" methods="5" coveredmethods="5"/>
      <file name="index.jsx" path="C:\Users\ASUS\Documents\Bootcamp Dibimbing\Mini-Project-2\src\pages\Detail Page\index.jsx">
        <metrics statements="24" coveredstatements="24" conditionals="0" coveredconditionals="0" methods="5" coveredmethods="5"/>
        <line num="1" count="1" type="stmt"/>
        <line num="2" count="1" type="stmt"/>
        <line num="3" count="1" type="stmt"/>
        <line num="4" count="1" type="stmt"/>
        <line num="5" count="1" type="stmt"/>
        <line num="7" count="1" type="stmt"/>
        <line num="8" count="1" type="stmt"/>
        <line num="10" count="1" type="stmt"/>
        <line num="11" count="3" type="stmt"/>
        <line num="12" count="3" type="stmt"/>
        <line num="13" count="3" type="stmt"/>
        <line num="15" count="3" type="stmt"/>
        <line num="16" count="3" type="stmt"/>
        <line num="17" count="3" type="stmt"/>
        <line num="19" count="3" type="stmt"/>
        <line num="20" count="2" type="stmt"/>
        <line num="21" count="2" type="stmt"/>
        <line num="22" count="1" type="stmt"/>
        <line num="24" count="1" type="stmt"/>
        <line num="28" count="3" type="stmt"/>
        <line num="29" count="2" type="stmt"/>
        <line num="57" count="12" type="stmt"/>
        <line num="60" count="3" type="stmt"/>
        <line num="113" count="2" type="stmt"/>
      </file>
    </package>
    <package name="pages.Home Page">
      <metrics statements="11" coveredstatements="11" conditionals="0" coveredconditionals="0" methods="1" coveredmethods="1"/>
      <file name="index.jsx" path="C:\Users\ASUS\Documents\Bootcamp Dibimbing\Mini-Project-2\src\pages\Home Page\index.jsx">
        <metrics statements="11" coveredstatements="11" conditionals="0" coveredconditionals="0" methods="1" coveredmethods="1"/>
        <line num="1" count="1" type="stmt"/>
        <line num="2" count="1" type="stmt"/>
        <line num="3" count="1" type="stmt"/>
        <line num="4" count="1" type="stmt"/>
        <line num="5" count="1" type="stmt"/>
        <line num="6" count="1" type="stmt"/>
        <line num="8" count="1" type="stmt"/>
        <line num="9" count="1" type="stmt"/>
        <line num="10" count="1" type="stmt"/>
        <line num="12" count="1" type="stmt"/>
        <line num="109" count="6" type="stmt"/>
      </file>
    </package>
    <package name="pages.Login Page">
      <metrics statements="27" coveredstatements="16" conditionals="6" coveredconditionals="3" methods="4" coveredmethods="2"/>
      <file name="index.jsx" path="C:\Users\ASUS\Documents\Bootcamp Dibimbing\Mini-Project-2\src\pages\Login Page\index.jsx">
        <metrics statements="27" coveredstatements="16" conditionals="6" coveredconditionals="3" methods="4" coveredmethods="2"/>
        <line num="1" count="1" type="stmt"/>
        <line num="2" count="1" type="stmt"/>
        <line num="3" count="1" type="stmt"/>
        <line num="4" count="1" type="stmt"/>
        <line num="5" count="1" type="stmt"/>
        <line num="7" count="1" type="stmt"/>
        <line num="8" count="6" type="stmt"/>
        <line num="13" count="6" type="stmt"/>
        <line num="14" count="6" type="stmt"/>
        <line num="15" count="6" type="stmt"/>
        <line num="17" count="6" type="stmt"/>
        <line num="19" count="6" type="stmt"/>
        <line num="20" count="2" type="stmt"/>
        <line num="21" count="2" type="stmt"/>
        <line num="27" count="6" type="stmt"/>
        <line num="29" count="0" type="stmt"/>
        <line num="31" count="0" type="stmt"/>
        <line num="32" count="0" type="stmt"/>
        <line num="33" count="0" type="stmt"/>
        <line num="35" count="0" type="stmt"/>
        <line num="36" count="0" type="stmt"/>
        <line num="38" count="0" type="stmt"/>
        <line num="39" count="0" type="stmt"/>
        <line num="42" count="0" type="stmt"/>
        <line num="43" count="0" type="stmt"/>
        <line num="47" count="0" type="stmt"/>
        <line num="123" count="4" type="stmt"/>
      </file>
    </package>
    <package name="pages.Member">
      <metrics statements="28" coveredstatements="21" conditionals="10" coveredconditionals="6" methods="9" coveredmethods="2"/>
      <file name="index.jsx" path="C:\Users\ASUS\Documents\Bootcamp Dibimbing\Mini-Project-2\src\pages\Member\index.jsx">
        <metrics statements="28" coveredstatements="21" conditionals="10" coveredconditionals="6" methods="9" coveredmethods="2"/>
        <line num="1" count="1" type="stmt"/>
        <line num="2" count="1" type="stmt"/>
        <line num="3" count="1" type="stmt"/>
        <line num="4" count="1" type="stmt"/>
        <line num="5" count="1" type="stmt"/>
        <line num="7" count="1" type="stmt"/>
        <line num="8" count="1" type="stmt"/>
        <line num="10" count="1" type="stmt"/>
        <line num="11" count="9" type="stmt"/>
        <line num="13" count="9" type="stmt"/>
        <line num="14" count="0" type="stmt"/>
        <line num="16" count="9" type="stmt"/>
        <line num="17" count="0" type="stmt"/>
        <line num="20" count="9" type="stmt"/>
        <line num="21" count="0" type="stmt"/>
        <line num="24" count="8" type="stmt"/>
        <line num="25" count="0" type="stmt"/>
        <line num="28" count="8" type="stmt"/>
        <line num="30" count="8" type="stmt"/>
        <line num="31" count="0" type="stmt"/>
        <line num="34" count="8" type="stmt"/>
        <line num="36" count="8" type="stmt"/>
        <line num="37" count="0" type="stmt"/>
        <line num="40" count="8" type="stmt"/>
        <line num="92" count="16" type="cond" truecount="1" falsecount="1"/>
        <line num="93" count="16" type="stmt"/>
        <line num="102" count="0" type="stmt"/>
        <line num="129" count="4" type="stmt"/>
      </file>
    </package>
    <package name="pages.Register Page">
      <metrics statements="28" coveredstatements="16" conditionals="4" coveredconditionals="3" methods="4" coveredmethods="2"/>
      <file name="index.jsx" path="C:\Users\ASUS\Documents\Bootcamp Dibimbing\Mini-Project-2\src\pages\Register Page\index.jsx">
        <metrics statements="28" coveredstatements="16" conditionals="4" coveredconditionals="3" methods="4" coveredmethods="2"/>
        <line num="1" count="1" type="stmt"/>
        <line num="2" count="1" type="stmt"/>
        <line num="3" count="1" type="stmt"/>
        <line num="4" count="1" type="stmt"/>
        <line num="5" count="1" type="stmt"/>
        <line num="7" count="1" type="stmt"/>
        <line num="8" count="7" type="stmt"/>
        <line num="13" count="7" type="stmt"/>
        <line num="14" count="7" type="stmt"/>
        <line num="15" count="7" type="stmt"/>
        <line num="17" count="7" type="stmt"/>
        <line num="19" count="7" type="stmt"/>
        <line num="20" count="2" type="stmt"/>
        <line num="21" count="2" type="stmt"/>
        <line num="27" count="7" type="stmt"/>
        <line num="28" count="0" type="stmt"/>
        <line num="29" count="0" type="stmt"/>
        <line num="30" count="0" type="stmt"/>
        <line num="31" count="0" type="stmt"/>
        <line num="33" count="0" type="stmt"/>
        <line num="34" count="0" type="stmt"/>
        <line num="36" count="0" type="stmt"/>
        <line num="38" count="0" type="stmt"/>
        <line num="39" count="0" type="stmt"/>
        <line num="42" count="0" type="stmt"/>
        <line num="43" count="0" type="stmt"/>
        <line num="45" count="0" type="stmt"/>
        <line num="121" count="5" type="stmt"/>
      </file>
    </package>
  </project>
</coverage>
