{"C:\\Users\\ASUS\\Documents\\Bootcamp Dibimbing\\Mini-Project-2\\src\\components\\Button\\index.jsx": {"path":"C:\\Users\\ASUS\\Documents\\Bootcamp Dibimbing\\Mini-Project-2\\src\\components\\Button\\index.jsx","statementMap":{"0":{"start":{"line":28,"column":0},"end":{"line":28,"column":15}},"1":{"start":{"line":1,"column":15},"end":{"line":26,"column":null}},"2":{"start":{"line":12,"column":6},"end":{"line":12,"column":null}},"3":{"start":{"line":28,"column":15},"end":{"line":28,"column":null}}},"fnMap":{"0":{"name":"(anonymous_1)","decl":{"start":{"line":1,"column":15},"end":{"line":1,"column":16}},"loc":{"start":{"line":1,"column":16},"end":{"line":26,"column":null}}},"1":{"name":"(anonymous_2)","decl":{"start":{"line":5,"column":14},"end":{"line":5,"column":21}},"loc":{"start":{"line":5,"column":14},"end":{"line":5,"column":22}}}},"branchMap":{"0":{"loc":{"start":{"line":3,"column":4},"end":{"line":3,"column":20}},"type":"default-arg","locations":[{"start":{"line":3,"column":12},"end":{"line":3,"column":20}}]},"1":{"loc":{"start":{"line":4,"column":4},"end":{"line":4,"column":15}},"type":"default-arg","locations":[{"start":{"line":4,"column":11},"end":{"line":4,"column":15}}]},"2":{"loc":{"start":{"line":5,"column":4},"end":{"line":5,"column":22}},"type":"default-arg","locations":[{"start":{"line":5,"column":14},"end":{"line":5,"column":22}}]},"3":{"loc":{"start":{"line":6,"column":4},"end":{"line":6,"column":19}},"type":"default-arg","locations":[{"start":{"line":6,"column":14},"end":{"line":6,"column":19}}]},"4":{"loc":{"start":{"line":7,"column":4},"end":{"line":7,"column":14}},"type":"default-arg","locations":[{"start":{"line":7,"column":8},"end":{"line":7,"column":14}}]},"5":{"loc":{"start":{"line":8,"column":4},"end":{"line":8,"column":16}},"type":"default-arg","locations":[{"start":{"line":8,"column":14},"end":{"line":8,"column":16}}]},"6":{"loc":{"start":{"line":9,"column":4},"end":{"line":9,"column":16}},"type":"default-arg","locations":[{"start":{"line":9,"column":14},"end":{"line":9,"column":16}}]},"7":{"loc":{"start":{"line":10,"column":4},"end":{"line":10,"column":22}},"type":"default-arg","locations":[{"start":{"line":10,"column":9},"end":{"line":10,"column":22}}]},"8":{"loc":{"start":{"line":11,"column":4},"end":{"line":11,"column":14}},"type":"default-arg","locations":[{"start":{"line":11,"column":8},"end":{"line":11,"column":14}}]},"9":{"loc":{"start":{"line":17,"column":8},"end":{"line":17,"column":null}},"type":"cond-expr","locations":[{"start":{"line":17,"column":31},"end":{"line":17,"column":46}},{"start":{"line":17,"column":46},"end":{"line":17,"column":null}}]}},"s":{"0":100,"1":8,"2":92,"3":8},"f":{"0":92,"1":0},"b":{"0":[32],"1":[58],"2":[45],"3":[73],"4":[18],"5":[60],"6":[39],"7":[20],"8":[66],"9":[64,28]}}
,"C:\\Users\\ASUS\\Documents\\Bootcamp Dibimbing\\Mini-Project-2\\src\\components\\Card\\index.jsx": {"path":"C:\\Users\\ASUS\\Documents\\Bootcamp Dibimbing\\Mini-Project-2\\src\\components\\Card\\index.jsx","statementMap":{"0":{"start":{"line":12,"column":13},"end":{"line":12,"column":30}},"1":{"start":{"line":1,"column":17},"end":{"line":1,"column":null}},"2":{"start":{"line":2,"column":19},"end":{"line":2,"column":null}},"3":{"start":{"line":3,"column":32},"end":{"line":3,"column":null}},"4":{"start":{"line":4,"column":27},"end":{"line":4,"column":null}},"5":{"start":{"line":5,"column":31},"end":{"line":5,"column":null}},"6":{"start":{"line":6,"column":24},"end":{"line":6,"column":null}},"7":{"start":{"line":7,"column":37},"end":{"line":7,"column":null}},"8":{"start":{"line":8,"column":26},"end":{"line":8,"column":null}},"9":{"start":{"line":9,"column":21},"end":{"line":9,"column":null}},"10":{"start":{"line":10,"column":26},"end":{"line":10,"column":null}},"11":{"start":{"line":12,"column":30},"end":{"line":98,"column":null}},"12":{"start":{"line":13,"column":27},"end":{"line":13,"column":null}},"13":{"start":{"line":15,"column":29},"end":{"line":15,"column":null}},"14":{"start":{"line":71,"column":10},"end":{"line":71,"column":null}}},"fnMap":{"0":{"name":"(anonymous_2)","decl":{"start":{"line":12,"column":30},"end":{"line":12,"column":31}},"loc":{"start":{"line":12,"column":31},"end":{"line":98,"column":null}}},"1":{"name":"(anonymous_3)","decl":{"start":{"line":70,"column":14},"end":{"line":70,"column":15}},"loc":{"start":{"line":71,"column":10},"end":{"line":71,"column":null}}}},"branchMap":{"0":{"loc":{"start":{"line":22,"column":17},"end":{"line":22,"column":58}},"type":"cond-expr","locations":[{"start":{"line":22,"column":32},"end":{"line":22,"column":51}},{"start":{"line":22,"column":54},"end":{"line":22,"column":58}}]},"1":{"loc":{"start":{"line":29,"column":13},"end":{"line":31,"column":null}},"type":"cond-expr","locations":[{"start":{"line":30,"column":16},"end":{"line":30,"column":70}},{"start":{"line":31,"column":16},"end":{"line":31,"column":null}}]},"2":{"loc":{"start":{"line":34,"column":13},"end":{"line":36,"column":null}},"type":"cond-expr","locations":[{"start":{"line":35,"column":16},"end":{"line":35,"column":57}},{"start":{"line":36,"column":16},"end":{"line":36,"column":null}}]},"3":{"loc":{"start":{"line":45,"column":21},"end":{"line":47,"column":null}},"type":"cond-expr","locations":[{"start":{"line":46,"column":16},"end":{"line":46,"column":39}},{"start":{"line":47,"column":16},"end":{"line":47,"column":null}}]},"4":{"loc":{"start":{"line":52,"column":21},"end":{"line":54,"column":null}},"type":"cond-expr","locations":[{"start":{"line":53,"column":16},"end":{"line":53,"column":57}},{"start":{"line":54,"column":16},"end":{"line":54,"column":null}}]},"5":{"loc":{"start":{"line":59,"column":21},"end":{"line":61,"column":null}},"type":"cond-expr","locations":[{"start":{"line":60,"column":16},"end":{"line":60,"column":60}},{"start":{"line":61,"column":16},"end":{"line":61,"column":null}}]},"6":{"loc":{"start":{"line":66,"column":21},"end":{"line":68,"column":null}},"type":"cond-expr","locations":[{"start":{"line":67,"column":16},"end":{"line":67,"column":60}},{"start":{"line":68,"column":16},"end":{"line":68,"column":null}}]},"7":{"loc":{"start":{"line":84,"column":38},"end":{"line":84,"column":null}},"type":"cond-expr","locations":[{"start":{"line":84,"column":53},"end":{"line":84,"column":73}},{"start":{"line":84,"column":76},"end":{"line":84,"column":null}}]},"8":{"loc":{"start":{"line":86,"column":37},"end":{"line":86,"column":68}},"type":"binary-expr","locations":[{"start":{"line":86,"column":37},"end":{"line":86,"column":53}},{"start":{"line":86,"column":53},"end":{"line":86,"column":68}}]}},"s":{"0":10,"1":2,"2":2,"3":2,"4":2,"5":2,"6":2,"7":2,"8":2,"9":2,"10":2,"11":2,"12":11,"13":10,"14":40},"f":{"0":11,"1":40},"b":{"0":[1,9],"1":[1,9],"2":[1,9],"3":[1,9],"4":[1,9],"5":[1,9],"6":[1,9],"7":[1,9],"8":[10,1]}}
,"C:\\Users\\ASUS\\Documents\\Bootcamp Dibimbing\\Mini-Project-2\\src\\components\\Footer\\index.jsx": {"path":"C:\\Users\\ASUS\\Documents\\Bootcamp Dibimbing\\Mini-Project-2\\src\\components\\Footer\\index.jsx","statementMap":{"0":{"start":{"line":15,"column":0},"end":{"line":15,"column":15}},"1":{"start":{"line":1,"column":15},"end":{"line":13,"column":null}},"2":{"start":{"line":15,"column":15},"end":{"line":15,"column":null}}},"fnMap":{"0":{"name":"(anonymous_1)","decl":{"start":{"line":1,"column":15},"end":{"line":1,"column":null}},"loc":{"start":{"line":1,"column":15},"end":{"line":13,"column":null}}}},"branchMap":{},"s":{"0":9,"1":2,"2":2},"f":{"0":9},"b":{}}
,"C:\\Users\\ASUS\\Documents\\Bootcamp Dibimbing\\Mini-Project-2\\src\\components\\Navbar\\index.jsx": {"path":"C:\\Users\\ASUS\\Documents\\Bootcamp Dibimbing\\Mini-Project-2\\src\\components\\Navbar\\index.jsx","statementMap":{"0":{"start":{"line":97,"column":0},"end":{"line":97,"column":15}},"1":{"start":{"line":1,"column":25},"end":{"line":1,"column":null}},"2":{"start":{"line":2,"column":34},"end":{"line":2,"column":null}},"3":{"start":{"line":3,"column":19},"end":{"line":3,"column":null}},"4":{"start":{"line":4,"column":32},"end":{"line":4,"column":null}},"5":{"start":{"line":5,"column":25},"end":{"line":5,"column":null}},"6":{"start":{"line":7,"column":15},"end":{"line":95,"column":null}},"7":{"start":{"line":8,"column":17},"end":{"line":8,"column":null}},"8":{"start":{"line":9,"column":17},"end":{"line":9,"column":null}},"9":{"start":{"line":11,"column":19},"end":{"line":11,"column":null}},"10":{"start":{"line":12,"column":23},"end":{"line":17,"column":null}},"11":{"start":{"line":13,"column":4},"end":{"line":13,"column":null}},"12":{"start":{"line":14,"column":4},"end":{"line":16,"column":null}},"13":{"start":{"line":15,"column":6},"end":{"line":15,"column":null}},"14":{"start":{"line":19,"column":38},"end":{"line":19,"column":null}},"15":{"start":{"line":20,"column":26},"end":{"line":22,"column":null}},"16":{"start":{"line":21,"column":4},"end":{"line":21,"column":null}},"17":{"start":{"line":97,"column":15},"end":{"line":97,"column":null}}},"fnMap":{"0":{"name":"(anonymous_2)","decl":{"start":{"line":7,"column":15},"end":{"line":7,"column":null}},"loc":{"start":{"line":7,"column":15},"end":{"line":95,"column":null}}},"1":{"name":"(anonymous_3)","decl":{"start":{"line":12,"column":23},"end":{"line":12,"column":null}},"loc":{"start":{"line":12,"column":23},"end":{"line":17,"column":null}}},"2":{"name":"(anonymous_4)","decl":{"start":{"line":14,"column":15},"end":{"line":14,"column":null}},"loc":{"start":{"line":14,"column":15},"end":{"line":16,"column":7}}},"3":{"name":"(anonymous_5)","decl":{"start":{"line":20,"column":26},"end":{"line":20,"column":null}},"loc":{"start":{"line":20,"column":26},"end":{"line":22,"column":null}}}},"branchMap":{"0":{"loc":{"start":{"line":56,"column":14},"end":{"line":65,"column":15}},"type":"cond-expr","locations":[{"start":{"line":56,"column":14},"end":{"line":65,"column":15}}]},"1":{"loc":{"start":{"line":55,"column":13},"end":{"line":55,"column":null}},"type":"binary-expr","locations":[{"start":{"line":55,"column":13},"end":{"line":55,"column":23}},{"start":{"line":55,"column":23},"end":{"line":55,"column":null}}]},"2":{"loc":{"start":{"line":79,"column":12},"end":{"line":79,"column":null}},"type":"cond-expr","locations":[{"start":{"line":79,"column":26},"end":{"line":79,"column":36}},{"start":{"line":79,"column":36},"end":{"line":79,"column":null}}]}},"s":{"0":35,"1":6,"2":6,"3":6,"4":6,"5":6,"6":6,"7":45,"8":45,"9":45,"10":28,"11":0,"12":0,"13":0,"14":28,"15":28,"16":1,"17":6},"f":{"0":45,"1":0,"2":0,"3":1},"b":{"0":[1],"1":[28,27],"2":[1,27]}}
,"C:\\Users\\ASUS\\Documents\\Bootcamp Dibimbing\\Mini-Project-2\\src\\pages\\Detail Page\\index.jsx": {"path":"C:\\Users\\ASUS\\Documents\\Bootcamp Dibimbing\\Mini-Project-2\\src\\pages\\Detail Page\\index.jsx","statementMap":{"0":{"start":{"line":113,"column":0},"end":{"line":113,"column":15}},"1":{"start":{"line":1,"column":18},"end":{"line":1,"column":null}},"2":{"start":{"line":2,"column":36},"end":{"line":2,"column":null}},"3":{"start":{"line":3,"column":26},"end":{"line":3,"column":null}},"4":{"start":{"line":4,"column":30},"end":{"line":4,"column":null}},"5":{"start":{"line":5,"column":23},"end":{"line":5,"column":null}},"6":{"start":{"line":7,"column":19},"end":{"line":7,"column":null}},"7":{"start":{"line":8,"column":26},"end":{"line":8,"column":null}},"8":{"start":{"line":10,"column":19},"end":{"line":111,"column":null}},"9":{"start":{"line":11,"column":30},"end":{"line":11,"column":null}},"10":{"start":{"line":12,"column":17},"end":{"line":12,"column":null}},"11":{"start":{"line":13,"column":29},"end":{"line":13,"column":null}},"12":{"start":{"line":15,"column":17},"end":{"line":15,"column":46}},"13":{"start":{"line":16,"column":15},"end":{"line":16,"column":null}},"14":{"start":{"line":17,"column":17},"end":{"line":17,"column":null}},"15":{"start":{"line":19,"column":24},"end":{"line":26,"column":null}},"16":{"start":{"line":20,"column":4},"end":{"line":25,"column":null}},"17":{"start":{"line":21,"column":18},"end":{"line":21,"column":null}},"18":{"start":{"line":22,"column":6},"end":{"line":22,"column":null}},"19":{"start":{"line":24,"column":6},"end":{"line":24,"column":null}},"20":{"start":{"line":28,"column":2},"end":{"line":30,"column":null}},"21":{"start":{"line":29,"column":4},"end":{"line":29,"column":null}},"22":{"start":{"line":57,"column":20},"end":{"line":57,"column":38}},"23":{"start":{"line":60,"column":20},"end":{"line":60,"column":38}},"24":{"start":{"line":113,"column":15},"end":{"line":113,"column":null}}},"fnMap":{"0":{"name":"(anonymous_2)","decl":{"start":{"line":10,"column":19},"end":{"line":10,"column":null}},"loc":{"start":{"line":10,"column":19},"end":{"line":111,"column":null}}},"1":{"name":"(anonymous_3)","decl":{"start":{"line":19,"column":24},"end":{"line":19,"column":null}},"loc":{"start":{"line":19,"column":24},"end":{"line":26,"column":null}}},"2":{"name":"(anonymous_4)","decl":{"start":{"line":28,"column":12},"end":{"line":28,"column":null}},"loc":{"start":{"line":28,"column":12},"end":{"line":30,"column":5}}},"3":{"name":"(anonymous_5)","decl":{"start":{"line":56,"column":40},"end":{"line":56,"column":41}},"loc":{"start":{"line":57,"column":20},"end":{"line":57,"column":38}}},"4":{"name":"(anonymous_6)","decl":{"start":{"line":59,"column":42},"end":{"line":59,"column":43}},"loc":{"start":{"line":60,"column":20},"end":{"line":60,"column":38}}}},"branchMap":{},"s":{"0":2,"1":1,"2":1,"3":1,"4":1,"5":1,"6":1,"7":1,"8":1,"9":3,"10":3,"11":3,"12":3,"13":3,"14":3,"15":3,"16":2,"17":2,"18":1,"19":1,"20":3,"21":2,"22":12,"23":3,"24":1},"f":{"0":3,"1":2,"2":2,"3":12,"4":3},"b":{}}
,"C:\\Users\\ASUS\\Documents\\Bootcamp Dibimbing\\Mini-Project-2\\src\\pages\\Home Page\\index.jsx": {"path":"C:\\Users\\ASUS\\Documents\\Bootcamp Dibimbing\\Mini-Project-2\\src\\pages\\Home Page\\index.jsx","statementMap":{"0":{"start":{"line":109,"column":0},"end":{"line":109,"column":15}},"1":{"start":{"line":1,"column":19},"end":{"line":1,"column":null}},"2":{"start":{"line":2,"column":19},"end":{"line":2,"column":null}},"3":{"start":{"line":3,"column":20},"end":{"line":3,"column":null}},"4":{"start":{"line":4,"column":21},"end":{"line":4,"column":null}},"5":{"start":{"line":5,"column":24},"end":{"line":5,"column":null}},"6":{"start":{"line":6,"column":28},"end":{"line":6,"column":null}},"7":{"start":{"line":8,"column":30},"end":{"line":8,"column":null}},"8":{"start":{"line":9,"column":19},"end":{"line":9,"column":null}},"9":{"start":{"line":10,"column":21},"end":{"line":10,"column":null}},"10":{"start":{"line":12,"column":17},"end":{"line":107,"column":null}},"11":{"start":{"line":109,"column":15},"end":{"line":109,"column":null}}},"fnMap":{"0":{"name":"(anonymous_2)","decl":{"start":{"line":12,"column":17},"end":{"line":12,"column":null}},"loc":{"start":{"line":12,"column":17},"end":{"line":107,"column":null}}}},"branchMap":{},"s":{"0":6,"1":1,"2":1,"3":1,"4":1,"5":1,"6":1,"7":1,"8":1,"9":1,"10":1,"11":1},"f":{"0":6},"b":{}}
,"C:\\Users\\ASUS\\Documents\\Bootcamp Dibimbing\\Mini-Project-2\\src\\pages\\Login Page\\index.jsx": {"path":"C:\\Users\\ASUS\\Documents\\Bootcamp Dibimbing\\Mini-Project-2\\src\\pages\\Login Page\\index.jsx","statementMap":{"0":{"start":{"line":123,"column":0},"end":{"line":123,"column":15}},"1":{"start":{"line":1,"column":34},"end":{"line":1,"column":null}},"2":{"start":{"line":2,"column":19},"end":{"line":2,"column":null}},"3":{"start":{"line":3,"column":25},"end":{"line":3,"column":null}},"4":{"start":{"line":4,"column":18},"end":{"line":4,"column":null}},"5":{"start":{"line":5,"column":19},"end":{"line":5,"column":null}},"6":{"start":{"line":7,"column":18},"end":{"line":121,"column":null}},"7":{"start":{"line":8,"column":26},"end":{"line":11,"column":null}},"8":{"start":{"line":13,"column":32},"end":{"line":13,"column":null}},"9":{"start":{"line":14,"column":32},"end":{"line":14,"column":null}},"10":{"start":{"line":15,"column":28},"end":{"line":15,"column":null}},"11":{"start":{"line":17,"column":19},"end":{"line":17,"column":null}},"12":{"start":{"line":19,"column":22},"end":{"line":25,"column":null}},"13":{"start":{"line":20,"column":4},"end":{"line":20,"column":null}},"14":{"start":{"line":21,"column":4},"end":{"line":24,"column":null}},"15":{"start":{"line":27,"column":22},"end":{"line":49,"column":null}},"16":{"start":{"line":29,"column":4},"end":{"line":29,"column":null}},"17":{"start":{"line":31,"column":4},"end":{"line":48,"column":null}},"18":{"start":{"line":32,"column":18},"end":{"line":32,"column":null}},"19":{"start":{"line":33,"column":6},"end":{"line":33,"column":null}},"20":{"start":{"line":35,"column":6},"end":{"line":35,"column":null}},"21":{"start":{"line":36,"column":6},"end":{"line":36,"column":null}},"22":{"start":{"line":38,"column":6},"end":{"line":40,"column":null}},"23":{"start":{"line":39,"column":8},"end":{"line":39,"column":null}},"24":{"start":{"line":42,"column":6},"end":{"line":42,"column":null}},"25":{"start":{"line":43,"column":6},"end":{"line":44,"column":null}},"26":{"start":{"line":47,"column":6},"end":{"line":47,"column":null}},"27":{"start":{"line":123,"column":15},"end":{"line":123,"column":null}}},"fnMap":{"0":{"name":"(anonymous_2)","decl":{"start":{"line":7,"column":18},"end":{"line":7,"column":null}},"loc":{"start":{"line":7,"column":18},"end":{"line":121,"column":null}}},"1":{"name":"(anonymous_3)","decl":{"start":{"line":19,"column":22},"end":{"line":19,"column":23}},"loc":{"start":{"line":19,"column":23},"end":{"line":25,"column":null}}},"2":{"name":"(anonymous_4)","decl":{"start":{"line":27,"column":22},"end":{"line":27,"column":null}},"loc":{"start":{"line":27,"column":22},"end":{"line":49,"column":null}}},"3":{"name":"(anonymous_5)","decl":{"start":{"line":38,"column":17},"end":{"line":38,"column":null}},"loc":{"start":{"line":38,"column":17},"end":{"line":40,"column":9}}}},"branchMap":{"0":{"loc":{"start":{"line":44,"column":8},"end":{"line":44,"column":null}},"type":"cond-expr","locations":[{"start":{"line":44,"column":25},"end":{"line":44,"column":50}},{"start":{"line":44,"column":53},"end":{"line":44,"column":null}}]},"1":{"loc":{"start":{"line":70,"column":15},"end":{"line":70,"column":null}},"type":"binary-expr","locations":[{"start":{"line":70,"column":15},"end":{"line":70,"column":null}}]},"2":{"loc":{"start":{"line":75,"column":15},"end":{"line":75,"column":null}},"type":"binary-expr","locations":[{"start":{"line":75,"column":15},"end":{"line":75,"column":null}}]},"3":{"loc":{"start":{"line":102,"column":25},"end":{"line":102,"column":null}},"type":"cond-expr","locations":[{"start":{"line":102,"column":35},"end":{"line":102,"column":50}},{"start":{"line":102,"column":50},"end":{"line":102,"column":null}}]}},"s":{"0":4,"1":1,"2":1,"3":1,"4":1,"5":1,"6":1,"7":6,"8":6,"9":6,"10":6,"11":6,"12":6,"13":2,"14":2,"15":6,"16":0,"17":0,"18":0,"19":0,"20":0,"21":0,"22":0,"23":0,"24":0,"25":0,"26":0,"27":1},"f":{"0":6,"1":2,"2":0,"3":0},"b":{"0":[0,0],"1":[6],"2":[6],"3":[0,6]}}
,"C:\\Users\\ASUS\\Documents\\Bootcamp Dibimbing\\Mini-Project-2\\src\\pages\\Member\\index.jsx": {"path":"C:\\Users\\ASUS\\Documents\\Bootcamp Dibimbing\\Mini-Project-2\\src\\pages\\Member\\index.jsx","statementMap":{"0":{"start":{"line":129,"column":0},"end":{"line":129,"column":15}},"1":{"start":{"line":1,"column":25},"end":{"line":1,"column":null}},"2":{"start":{"line":2,"column":36},"end":{"line":2,"column":null}},"3":{"start":{"line":3,"column":31},"end":{"line":3,"column":null}},"4":{"start":{"line":4,"column":19},"end":{"line":4,"column":null}},"5":{"start":{"line":5,"column":35},"end":{"line":5,"column":null}},"6":{"start":{"line":7,"column":19},"end":{"line":7,"column":null}},"7":{"start":{"line":8,"column":33},"end":{"line":8,"column":null}},"8":{"start":{"line":10,"column":15},"end":{"line":127,"column":null}},"9":{"start":{"line":11,"column":57},"end":{"line":11,"column":null}},"10":{"start":{"line":13,"column":21},"end":{"line":15,"column":null}},"11":{"start":{"line":14,"column":4},"end":{"line":14,"column":null}},"12":{"start":{"line":16,"column":21},"end":{"line":18,"column":null}},"13":{"start":{"line":17,"column":4},"end":{"line":17,"column":null}},"14":{"start":{"line":20,"column":2},"end":{"line":22,"column":null}},"15":{"start":{"line":21,"column":4},"end":{"line":21,"column":null}},"16":{"start":{"line":24,"column":2},"end":{"line":26,"column":null}},"17":{"start":{"line":25,"column":4},"end":{"line":25,"column":null}},"18":{"start":{"line":28,"column":42},"end":{"line":28,"column":null}},"19":{"start":{"line":30,"column":26},"end":{"line":32,"column":null}},"20":{"start":{"line":31,"column":4},"end":{"line":31,"column":null}},"21":{"start":{"line":34,"column":30},"end":{"line":34,"column":null}},"22":{"start":{"line":36,"column":23},"end":{"line":38,"column":null}},"23":{"start":{"line":37,"column":4},"end":{"line":37,"column":null}},"24":{"start":{"line":40,"column":2},"end":{"line":40,"column":null}},"25":{"start":{"line":92,"column":35},"end":{"line":92,"column":78}},"26":{"start":{"line":93,"column":16},"end":{"line":95,"column":null}},"27":{"start":{"line":102,"column":37},"end":{"line":102,"column":null}},"28":{"start":{"line":129,"column":15},"end":{"line":129,"column":null}}},"fnMap":{"0":{"name":"(anonymous_2)","decl":{"start":{"line":10,"column":15},"end":{"line":10,"column":null}},"loc":{"start":{"line":10,"column":15},"end":{"line":127,"column":null}}},"1":{"name":"(anonymous_3)","decl":{"start":{"line":13,"column":21},"end":{"line":13,"column":null}},"loc":{"start":{"line":13,"column":21},"end":{"line":15,"column":null}}},"2":{"name":"(anonymous_4)","decl":{"start":{"line":16,"column":21},"end":{"line":16,"column":null}},"loc":{"start":{"line":16,"column":21},"end":{"line":18,"column":null}}},"3":{"name":"(anonymous_5)","decl":{"start":{"line":20,"column":12},"end":{"line":20,"column":null}},"loc":{"start":{"line":20,"column":12},"end":{"line":22,"column":5}}},"4":{"name":"(anonymous_6)","decl":{"start":{"line":24,"column":12},"end":{"line":24,"column":null}},"loc":{"start":{"line":24,"column":12},"end":{"line":26,"column":5}}},"5":{"name":"(anonymous_7)","decl":{"start":{"line":30,"column":26},"end":{"line":30,"column":27}},"loc":{"start":{"line":30,"column":27},"end":{"line":32,"column":null}}},"6":{"name":"(anonymous_8)","decl":{"start":{"line":36,"column":23},"end":{"line":36,"column":null}},"loc":{"start":{"line":36,"column":23},"end":{"line":38,"column":null}}},"7":{"name":"(anonymous_9)","decl":{"start":{"line":91,"column":25},"end":{"line":91,"column":26}},"loc":{"start":{"line":91,"column":26},"end":{"line":117,"column":null}}},"8":{"name":"(anonymous_10)","decl":{"start":{"line":102,"column":31},"end":{"line":102,"column":37}},"loc":{"start":{"line":102,"column":37},"end":{"line":102,"column":null}}}},"branchMap":{"0":{"loc":{"start":{"line":56,"column":12},"end":{"line":56,"column":null}},"type":"cond-expr","locations":[{"start":{"line":56,"column":21},"end":{"line":56,"column":39}},{"start":{"line":56,"column":39},"end":{"line":56,"column":null}}]},"1":{"loc":{"start":{"line":79,"column":25},"end":{"line":79,"column":null}},"type":"binary-expr","locations":[{"start":{"line":79,"column":25},"end":{"line":79,"column":39}},{"start":{"line":79,"column":39},"end":{"line":79,"column":null}}]},"2":{"loc":{"start":{"line":87,"column":25},"end":{"line":87,"column":null}},"type":"binary-expr","locations":[{"start":{"line":87,"column":25},"end":{"line":87,"column":56}},{"start":{"line":87,"column":60},"end":{"line":87,"column":null}}]},"3":{"loc":{"start":{"line":92,"column":35},"end":{"line":92,"column":78}},"type":"binary-expr","locations":[{"start":{"line":92,"column":35},"end":{"line":92,"column":51}},{"start":{"line":92,"column":51},"end":{"line":92,"column":78}}]},"4":{"loc":{"start":{"line":97,"column":22},"end":{"line":97,"column":null}},"type":"binary-expr","locations":[{"start":{"line":97,"column":22},"end":{"line":97,"column":36}},{"start":{"line":97,"column":36},"end":{"line":97,"column":null}}]}},"s":{"0":4,"1":1,"2":1,"3":1,"4":1,"5":1,"6":1,"7":1,"8":1,"9":9,"10":9,"11":0,"12":9,"13":0,"14":9,"15":0,"16":8,"17":0,"18":8,"19":8,"20":0,"21":8,"22":8,"23":0,"24":8,"25":16,"26":16,"27":0,"28":1},"f":{"0":9,"1":0,"2":0,"3":0,"4":0,"5":0,"6":0,"7":16,"8":0},"b":{"0":[0,8],"1":[8,8],"2":[8,0],"3":[16,0],"4":[16,0]}}
,"C:\\Users\\ASUS\\Documents\\Bootcamp Dibimbing\\Mini-Project-2\\src\\pages\\Register Page\\index.jsx": {"path":"C:\\Users\\ASUS\\Documents\\Bootcamp Dibimbing\\Mini-Project-2\\src\\pages\\Register Page\\index.jsx","statementMap":{"0":{"start":{"line":121,"column":0},"end":{"line":121,"column":15}},"1":{"start":{"line":1,"column":34},"end":{"line":1,"column":null}},"2":{"start":{"line":2,"column":19},"end":{"line":2,"column":null}},"3":{"start":{"line":3,"column":25},"end":{"line":3,"column":null}},"4":{"start":{"line":4,"column":18},"end":{"line":4,"column":null}},"5":{"start":{"line":5,"column":19},"end":{"line":5,"column":null}},"6":{"start":{"line":7,"column":21},"end":{"line":119,"column":null}},"7":{"start":{"line":8,"column":26},"end":{"line":11,"column":null}},"8":{"start":{"line":13,"column":32},"end":{"line":13,"column":null}},"9":{"start":{"line":14,"column":28},"end":{"line":14,"column":null}},"10":{"start":{"line":15,"column":32},"end":{"line":15,"column":null}},"11":{"start":{"line":17,"column":19},"end":{"line":17,"column":null}},"12":{"start":{"line":19,"column":22},"end":{"line":25,"column":null}},"13":{"start":{"line":20,"column":4},"end":{"line":20,"column":null}},"14":{"start":{"line":21,"column":4},"end":{"line":24,"column":null}},"15":{"start":{"line":27,"column":25},"end":{"line":47,"column":null}},"16":{"start":{"line":28,"column":4},"end":{"line":28,"column":null}},"17":{"start":{"line":29,"column":4},"end":{"line":46,"column":null}},"18":{"start":{"line":30,"column":18},"end":{"line":30,"column":null}},"19":{"start":{"line":31,"column":6},"end":{"line":31,"column":null}},"20":{"start":{"line":33,"column":6},"end":{"line":33,"column":null}},"21":{"start":{"line":34,"column":6},"end":{"line":34,"column":null}},"22":{"start":{"line":36,"column":6},"end":{"line":36,"column":null}},"23":{"start":{"line":38,"column":6},"end":{"line":40,"column":null}},"24":{"start":{"line":39,"column":8},"end":{"line":39,"column":null}},"25":{"start":{"line":42,"column":6},"end":{"line":42,"column":null}},"26":{"start":{"line":43,"column":6},"end":{"line":43,"column":null}},"27":{"start":{"line":45,"column":6},"end":{"line":45,"column":null}},"28":{"start":{"line":121,"column":15},"end":{"line":121,"column":null}}},"fnMap":{"0":{"name":"(anonymous_2)","decl":{"start":{"line":7,"column":21},"end":{"line":7,"column":null}},"loc":{"start":{"line":7,"column":21},"end":{"line":119,"column":null}}},"1":{"name":"(anonymous_3)","decl":{"start":{"line":19,"column":22},"end":{"line":19,"column":23}},"loc":{"start":{"line":19,"column":23},"end":{"line":25,"column":null}}},"2":{"name":"(anonymous_4)","decl":{"start":{"line":27,"column":25},"end":{"line":27,"column":null}},"loc":{"start":{"line":27,"column":25},"end":{"line":47,"column":null}}},"3":{"name":"(anonymous_5)","decl":{"start":{"line":38,"column":17},"end":{"line":38,"column":null}},"loc":{"start":{"line":38,"column":17},"end":{"line":40,"column":9}}}},"branchMap":{"0":{"loc":{"start":{"line":68,"column":15},"end":{"line":68,"column":null}},"type":"binary-expr","locations":[{"start":{"line":68,"column":15},"end":{"line":68,"column":null}}]},"1":{"loc":{"start":{"line":73,"column":15},"end":{"line":73,"column":null}},"type":"binary-expr","locations":[{"start":{"line":73,"column":15},"end":{"line":73,"column":null}}]},"2":{"loc":{"start":{"line":100,"column":25},"end":{"line":100,"column":null}},"type":"cond-expr","locations":[{"start":{"line":100,"column":35},"end":{"line":100,"column":50}},{"start":{"line":100,"column":50},"end":{"line":100,"column":null}}]}},"s":{"0":5,"1":1,"2":1,"3":1,"4":1,"5":1,"6":1,"7":7,"8":7,"9":7,"10":7,"11":7,"12":7,"13":2,"14":2,"15":7,"16":0,"17":0,"18":0,"19":0,"20":0,"21":0,"22":0,"23":0,"24":0,"25":0,"26":0,"27":0,"28":1},"f":{"0":7,"1":2,"2":0,"3":0},"b":{"0":[7],"1":[7],"2":[0,7]}}
}
