TN:
SF:src\components\Button\index.jsx
FN:1,(anonymous_1)
FN:5,(anonymous_2)
FNF:2
FNH:1
FNDA:92,(anonymous_1)
FNDA:0,(anonymous_2)
DA:1,8
DA:12,92
DA:28,100
LF:3
LH:3
BRDA:3,0,0,32
BRDA:4,1,0,58
BRDA:5,2,0,45
BRDA:6,3,0,73
BRDA:7,4,0,18
BRDA:8,5,0,60
BRDA:9,6,0,39
BRDA:10,7,0,20
BRDA:11,8,0,66
BRDA:17,9,0,64
BRDA:17,9,1,28
BRF:11
BRH:11
end_of_record
TN:
SF:src\components\Card\index.jsx
FN:12,(anonymous_2)
FN:70,(anonymous_3)
FNF:2
FNH:2
FNDA:11,(anonymous_2)
FNDA:40,(anonymous_3)
DA:1,2
DA:2,2
DA:3,2
DA:4,2
DA:5,2
DA:6,2
DA:7,2
DA:8,2
DA:9,2
DA:10,2
DA:12,10
DA:13,11
DA:15,10
DA:71,40
LF:14
LH:14
BRDA:22,0,0,1
BRDA:22,0,1,9
BRDA:29,1,0,1
BRDA:29,1,1,9
BRDA:34,2,0,1
BRDA:34,2,1,9
BRDA:45,3,0,1
BRDA:45,3,1,9
BRDA:52,4,0,1
BRDA:52,4,1,9
BRDA:59,5,0,1
BRDA:59,5,1,9
BRDA:66,6,0,1
BRDA:66,6,1,9
BRDA:84,7,0,1
BRDA:84,7,1,9
BRDA:86,8,0,10
BRDA:86,8,1,1
BRF:18
BRH:18
end_of_record
TN:
SF:src\components\Footer\index.jsx
FN:1,(anonymous_1)
FNF:1
FNH:1
FNDA:9,(anonymous_1)
DA:1,2
DA:15,9
LF:2
LH:2
BRF:0
BRH:0
end_of_record
TN:
SF:src\components\Navbar\index.jsx
FN:7,(anonymous_2)
FN:12,(anonymous_3)
FN:14,(anonymous_4)
FN:20,(anonymous_5)
FNF:4
FNH:2
FNDA:45,(anonymous_2)
FNDA:0,(anonymous_3)
FNDA:0,(anonymous_4)
FNDA:1,(anonymous_5)
DA:1,6
DA:2,6
DA:3,6
DA:4,6
DA:5,6
DA:7,6
DA:8,45
DA:9,45
DA:11,45
DA:12,28
DA:13,0
DA:14,0
DA:15,0
DA:19,28
DA:20,28
DA:21,1
DA:97,35
LF:17
LH:14
BRDA:56,0,0,1
BRDA:55,1,0,28
BRDA:55,1,1,27
BRDA:79,2,0,1
BRDA:79,2,1,27
BRF:5
BRH:5
end_of_record
TN:
SF:src\pages\Detail Page\index.jsx
FN:10,(anonymous_2)
FN:19,(anonymous_3)
FN:28,(anonymous_4)
FN:56,(anonymous_5)
FN:59,(anonymous_6)
FNF:5
FNH:5
FNDA:3,(anonymous_2)
FNDA:2,(anonymous_3)
FNDA:2,(anonymous_4)
FNDA:12,(anonymous_5)
FNDA:3,(anonymous_6)
DA:1,1
DA:2,1
DA:3,1
DA:4,1
DA:5,1
DA:7,1
DA:8,1
DA:10,1
DA:11,3
DA:12,3
DA:13,3
DA:15,3
DA:16,3
DA:17,3
DA:19,3
DA:20,2
DA:21,2
DA:22,1
DA:24,1
DA:28,3
DA:29,2
DA:57,12
DA:60,3
DA:113,2
LF:24
LH:24
BRF:0
BRH:0
end_of_record
TN:
SF:src\pages\Home Page\index.jsx
FN:12,(anonymous_2)
FNF:1
FNH:1
FNDA:6,(anonymous_2)
DA:1,1
DA:2,1
DA:3,1
DA:4,1
DA:5,1
DA:6,1
DA:8,1
DA:9,1
DA:10,1
DA:12,1
DA:109,6
LF:11
LH:11
BRF:0
BRH:0
end_of_record
TN:
SF:src\pages\Login Page\index.jsx
FN:7,(anonymous_2)
FN:19,(anonymous_3)
FN:27,(anonymous_4)
FN:38,(anonymous_5)
FNF:4
FNH:2
FNDA:6,(anonymous_2)
FNDA:2,(anonymous_3)
FNDA:0,(anonymous_4)
FNDA:0,(anonymous_5)
DA:1,1
DA:2,1
DA:3,1
DA:4,1
DA:5,1
DA:7,1
DA:8,6
DA:13,6
DA:14,6
DA:15,6
DA:17,6
DA:19,6
DA:20,2
DA:21,2
DA:27,6
DA:29,0
DA:31,0
DA:32,0
DA:33,0
DA:35,0
DA:36,0
DA:38,0
DA:39,0
DA:42,0
DA:43,0
DA:47,0
DA:123,4
LF:27
LH:16
BRDA:44,0,0,0
BRDA:44,0,1,0
BRDA:70,1,0,6
BRDA:75,2,0,6
BRDA:102,3,0,0
BRDA:102,3,1,6
BRF:6
BRH:3
end_of_record
TN:
SF:src\pages\Member\index.jsx
FN:10,(anonymous_2)
FN:13,(anonymous_3)
FN:16,(anonymous_4)
FN:20,(anonymous_5)
FN:24,(anonymous_6)
FN:30,(anonymous_7)
FN:36,(anonymous_8)
FN:91,(anonymous_9)
FN:102,(anonymous_10)
FNF:9
FNH:2
FNDA:9,(anonymous_2)
FNDA:0,(anonymous_3)
FNDA:0,(anonymous_4)
FNDA:0,(anonymous_5)
FNDA:0,(anonymous_6)
FNDA:0,(anonymous_7)
FNDA:0,(anonymous_8)
FNDA:16,(anonymous_9)
FNDA:0,(anonymous_10)
DA:1,1
DA:2,1
DA:3,1
DA:4,1
DA:5,1
DA:7,1
DA:8,1
DA:10,1
DA:11,9
DA:13,9
DA:14,0
DA:16,9
DA:17,0
DA:20,9
DA:21,0
DA:24,8
DA:25,0
DA:28,8
DA:30,8
DA:31,0
DA:34,8
DA:36,8
DA:37,0
DA:40,8
DA:92,16
DA:93,16
DA:102,0
DA:129,4
LF:28
LH:21
BRDA:56,0,0,0
BRDA:56,0,1,8
BRDA:79,1,0,8
BRDA:79,1,1,8
BRDA:87,2,0,8
BRDA:87,2,1,0
BRDA:92,3,0,16
BRDA:92,3,1,0
BRDA:97,4,0,16
BRDA:97,4,1,0
BRF:10
BRH:6
end_of_record
TN:
SF:src\pages\Register Page\index.jsx
FN:7,(anonymous_2)
FN:19,(anonymous_3)
FN:27,(anonymous_4)
FN:38,(anonymous_5)
FNF:4
FNH:2
FNDA:7,(anonymous_2)
FNDA:2,(anonymous_3)
FNDA:0,(anonymous_4)
FNDA:0,(anonymous_5)
DA:1,1
DA:2,1
DA:3,1
DA:4,1
DA:5,1
DA:7,1
DA:8,7
DA:13,7
DA:14,7
DA:15,7
DA:17,7
DA:19,7
DA:20,2
DA:21,2
DA:27,7
DA:28,0
DA:29,0
DA:30,0
DA:31,0
DA:33,0
DA:34,0
DA:36,0
DA:38,0
DA:39,0
DA:42,0
DA:43,0
DA:45,0
DA:121,5
LF:28
LH:16
BRDA:68,0,0,7
BRDA:73,1,0,7
BRDA:100,2,0,0
BRDA:100,2,1,7
BRF:4
BRH:3
end_of_record
